{"/Users/admin/Projects/personal/react-error-boundary-patterns/packages/core/src/types.ts": {"path":"/Users/admin/Projects/personal/react-error-boundary-patterns/packages/core/src/types.ts","all":true,"statementMap":{},"s":{},"branchMap":{"0":{"type":"branch","line":1,"loc":{"start":{"line":1,"column":2530},"end":{"line":90,"column":1}},"locations":[{"start":{"line":1,"column":2530},"end":{"line":90,"column":1}}]}},"b":{"0":[1]},"fnMap":{"0":{"name":"(empty-report)","decl":{"start":{"line":1,"column":2530},"end":{"line":90,"column":1}},"loc":{"start":{"line":1,"column":2530},"end":{"line":90,"column":1}},"line":1}},"f":{"0":1}}
,"/Users/admin/Projects/personal/react-error-boundary-patterns/packages/core/src/boundaries/AsyncErrorBoundary.tsx": {"path":"/Users/admin/Projects/personal/react-error-boundary-patterns/packages/core/src/boundaries/AsyncErrorBoundary.tsx","all":false,"statementMap":{"0":{"start":{"line":1,"column":0},"end":{"line":1,"column":39}},"17":{"start":{"line":18,"column":0},"end":{"line":18,"column":36}},"18":{"start":{"line":19,"column":0},"end":{"line":19,"column":11}},"19":{"start":{"line":20,"column":0},"end":{"line":20,"column":7}},"20":{"start":{"line":21,"column":0},"end":{"line":21,"column":11}},"21":{"start":{"line":22,"column":0},"end":{"line":22,"column":11}},"22":{"start":{"line":23,"column":0},"end":{"line":23,"column":40}},"23":{"start":{"line":24,"column":0},"end":{"line":24,"column":10}},"24":{"start":{"line":25,"column":0},"end":{"line":25,"column":25}},"25":{"start":{"line":26,"column":0},"end":{"line":26,"column":24}},"26":{"start":{"line":27,"column":0},"end":{"line":27,"column":25}},"27":{"start":{"line":28,"column":0},"end":{"line":28,"column":25}},"29":{"start":{"line":30,"column":0},"end":{"line":30,"column":16}},"30":{"start":{"line":31,"column":0},"end":{"line":31,"column":27}},"32":{"start":{"line":33,"column":0},"end":{"line":33,"column":1}}},"s":{"0":1,"17":1,"18":0,"19":0,"20":0,"21":0,"22":0,"23":0,"24":0,"25":0,"26":0,"27":0,"29":0,"30":0,"32":0},"branchMap":{},"b":{},"fnMap":{"0":{"name":"AsyncErrorBoundary","decl":{"start":{"line":18,"column":7},"end":{"line":33,"column":1}},"loc":{"start":{"line":18,"column":7},"end":{"line":33,"column":1}},"line":18}},"f":{"0":0}}
,"/Users/admin/Projects/personal/react-error-boundary-patterns/packages/core/src/boundaries/ErrorBoundaryInner.tsx": {"path":"/Users/admin/Projects/personal/react-error-boundary-patterns/packages/core/src/boundaries/ErrorBoundaryInner.tsx","all":false,"statementMap":{"0":{"start":{"line":1,"column":0},"end":{"line":1,"column":66}},"42":{"start":{"line":43,"column":0},"end":{"line":43,"column":30}},"49":{"start":{"line":50,"column":0},"end":{"line":50,"column":50}},"52":{"start":{"line":53,"column":0},"end":{"line":53,"column":3}},"53":{"start":{"line":54,"column":0},"end":{"line":54,"column":45}},"54":{"start":{"line":55,"column":0},"end":{"line":55,"column":16}},"55":{"start":{"line":56,"column":0},"end":{"line":56,"column":20}},"56":{"start":{"line":57,"column":0},"end":{"line":57,"column":18}},"57":{"start":{"line":58,"column":0},"end":{"line":58,"column":4}},"59":{"start":{"line":60,"column":0},"end":{"line":60,"column":38}},"60":{"start":{"line":61,"column":0},"end":{"line":61,"column":43}},"61":{"start":{"line":62,"column":0},"end":{"line":62,"column":3}},"63":{"start":{"line":64,"column":0},"end":{"line":64,"column":72}},"64":{"start":{"line":65,"column":0},"end":{"line":65,"column":71}},"65":{"start":{"line":66,"column":0},"end":{"line":66,"column":17}},"66":{"start":{"line":67,"column":0},"end":{"line":67,"column":35}},"67":{"start":{"line":68,"column":0},"end":{"line":68,"column":60}},"68":{"start":{"line":69,"column":0},"end":{"line":69,"column":19}},"69":{"start":{"line":70,"column":0},"end":{"line":70,"column":16}},"70":{"start":{"line":71,"column":0},"end":{"line":71,"column":18}},"71":{"start":{"line":72,"column":0},"end":{"line":72,"column":12}},"72":{"start":{"line":73,"column":0},"end":{"line":73,"column":66}},"73":{"start":{"line":74,"column":0},"end":{"line":74,"column":49}},"74":{"start":{"line":75,"column":0},"end":{"line":75,"column":22}},"75":{"start":{"line":76,"column":0},"end":{"line":76,"column":6}},"77":{"start":{"line":78,"column":0},"end":{"line":78,"column":19}},"78":{"start":{"line":79,"column":0},"end":{"line":79,"column":11}},"79":{"start":{"line":80,"column":0},"end":{"line":80,"column":40}},"80":{"start":{"line":81,"column":0},"end":{"line":81,"column":15}},"82":{"start":{"line":83,"column":0},"end":{"line":83,"column":7}},"83":{"start":{"line":84,"column":0},"end":{"line":84,"column":5}},"84":{"start":{"line":85,"column":0},"end":{"line":85,"column":32}},"86":{"start":{"line":87,"column":0},"end":{"line":87,"column":50}},"87":{"start":{"line":88,"column":0},"end":{"line":88,"column":30}},"88":{"start":{"line":89,"column":0},"end":{"line":89,"column":12}},"89":{"start":{"line":90,"column":0},"end":{"line":90,"column":16}},"90":{"start":{"line":91,"column":0},"end":{"line":91,"column":17}},"91":{"start":{"line":92,"column":0},"end":{"line":92,"column":22}},"92":{"start":{"line":93,"column":0},"end":{"line":93,"column":53}},"93":{"start":{"line":94,"column":0},"end":{"line":94,"column":28}},"94":{"start":{"line":95,"column":0},"end":{"line":95,"column":8}},"95":{"start":{"line":96,"column":0},"end":{"line":96,"column":3}},"97":{"start":{"line":98,"column":0},"end":{"line":98,"column":23}},"98":{"start":{"line":99,"column":0},"end":{"line":99,"column":52}},"99":{"start":{"line":100,"column":0},"end":{"line":100,"column":4}},"101":{"start":{"line":102,"column":0},"end":{"line":102,"column":32}},"102":{"start":{"line":103,"column":0},"end":{"line":103,"column":45}},"103":{"start":{"line":104,"column":0},"end":{"line":104,"column":11}},"104":{"start":{"line":105,"column":0},"end":{"line":105,"column":15}},"105":{"start":{"line":106,"column":0},"end":{"line":106,"column":15}},"106":{"start":{"line":107,"column":0},"end":{"line":107,"column":21}},"107":{"start":{"line":108,"column":0},"end":{"line":108,"column":13}},"108":{"start":{"line":109,"column":0},"end":{"line":109,"column":17}},"109":{"start":{"line":110,"column":0},"end":{"line":110,"column":26}},"110":{"start":{"line":111,"column":0},"end":{"line":111,"column":86}},"111":{"start":{"line":112,"column":0},"end":{"line":112,"column":73}},"112":{"start":{"line":113,"column":0},"end":{"line":113,"column":18}},"113":{"start":{"line":114,"column":0},"end":{"line":114,"column":19}},"115":{"start":{"line":116,"column":0},"end":{"line":116,"column":17}},"116":{"start":{"line":117,"column":0},"end":{"line":117,"column":22}},"117":{"start":{"line":118,"column":0},"end":{"line":118,"column":5}},"120":{"start":{"line":121,"column":0},"end":{"line":121,"column":17}},"121":{"start":{"line":122,"column":0},"end":{"line":122,"column":18}},"122":{"start":{"line":123,"column":0},"end":{"line":123,"column":5}},"125":{"start":{"line":126,"column":0},"end":{"line":126,"column":52}},"126":{"start":{"line":127,"column":0},"end":{"line":127,"column":60}},"127":{"start":{"line":128,"column":0},"end":{"line":128,"column":5}},"129":{"start":{"line":130,"column":0},"end":{"line":130,"column":29}},"130":{"start":{"line":131,"column":0},"end":{"line":131,"column":27}},"131":{"start":{"line":132,"column":0},"end":{"line":132,"column":36}},"132":{"start":{"line":133,"column":0},"end":{"line":133,"column":32}},"133":{"start":{"line":134,"column":0},"end":{"line":134,"column":23}},"134":{"start":{"line":135,"column":0},"end":{"line":135,"column":16}},"135":{"start":{"line":136,"column":0},"end":{"line":136,"column":26}},"136":{"start":{"line":137,"column":0},"end":{"line":137,"column":77}},"138":{"start":{"line":139,"column":0},"end":{"line":139,"column":38}},"139":{"start":{"line":140,"column":0},"end":{"line":140,"column":18}},"142":{"start":{"line":143,"column":0},"end":{"line":143,"column":34}},"143":{"start":{"line":144,"column":0},"end":{"line":144,"column":61}},"145":{"start":{"line":146,"column":0},"end":{"line":146,"column":21}},"148":{"start":{"line":149,"column":0},"end":{"line":149,"column":30}},"149":{"start":{"line":150,"column":0},"end":{"line":150,"column":14}},"150":{"start":{"line":151,"column":0},"end":{"line":151,"column":61}},"151":{"start":{"line":152,"column":0},"end":{"line":152,"column":19}},"152":{"start":{"line":153,"column":0},"end":{"line":153,"column":32}},"154":{"start":{"line":155,"column":0},"end":{"line":155,"column":5}},"156":{"start":{"line":157,"column":0},"end":{"line":157,"column":19}},"157":{"start":{"line":158,"column":0},"end":{"line":158,"column":3}},"158":{"start":{"line":159,"column":0},"end":{"line":159,"column":1}}},"s":{"0":1,"42":1,"49":1,"52":1,"53":20,"54":20,"55":20,"56":20,"57":20,"59":20,"60":20,"61":20,"63":20,"64":8,"65":8,"66":8,"67":8,"68":8,"69":8,"70":8,"71":8,"72":8,"73":5,"74":3,"75":8,"77":8,"78":2,"79":2,"80":2,"82":0,"83":2,"84":8,"86":8,"87":8,"88":8,"89":8,"90":8,"91":8,"92":5,"93":3,"94":8,"95":8,"97":20,"98":1,"99":1,"101":1,"102":25,"103":25,"104":25,"105":25,"106":25,"107":25,"108":25,"109":25,"110":25,"111":25,"112":25,"113":25,"115":25,"116":17,"117":17,"120":25,"121":1,"122":1,"125":25,"126":0,"127":0,"129":7,"130":7,"131":7,"132":2,"133":5,"134":0,"135":0,"136":0,"138":0,"139":0,"142":25,"143":0,"145":7,"148":25,"149":5,"150":5,"151":5,"152":5,"154":5,"156":2,"157":25,"158":1},"branchMap":{"0":{"type":"branch","line":53,"loc":{"start":{"line":53,"column":2},"end":{"line":100,"column":4}},"locations":[{"start":{"line":53,"column":2},"end":{"line":100,"column":4}}]},"1":{"type":"branch","line":98,"loc":{"start":{"line":98,"column":10},"end":{"line":100,"column":4}},"locations":[{"start":{"line":98,"column":10},"end":{"line":100,"column":4}}]},"2":{"type":"branch","line":61,"loc":{"start":{"line":61,"column":15},"end":{"line":61,"column":43}},"locations":[{"start":{"line":61,"column":15},"end":{"line":61,"column":43}}]},"3":{"type":"branch","line":64,"loc":{"start":{"line":64,"column":11},"end":{"line":96,"column":3}},"locations":[{"start":{"line":64,"column":11},"end":{"line":96,"column":3}}]},"4":{"type":"branch","line":68,"loc":{"start":{"line":68,"column":32},"end":{"line":68,"column":60}},"locations":[{"start":{"line":68,"column":32},"end":{"line":68,"column":60}}]},"5":{"type":"branch","line":73,"loc":{"start":{"line":73,"column":33},"end":{"line":73,"column":66}},"locations":[{"start":{"line":73,"column":33},"end":{"line":73,"column":66}}]},"6":{"type":"branch","line":73,"loc":{"start":{"line":73,"column":65},"end":{"line":74,"column":49}},"locations":[{"start":{"line":73,"column":65},"end":{"line":74,"column":49}}]},"7":{"type":"branch","line":74,"loc":{"start":{"line":74,"column":48},"end":{"line":75,"column":22}},"locations":[{"start":{"line":74,"column":48},"end":{"line":75,"column":22}}]},"8":{"type":"branch","line":78,"loc":{"start":{"line":78,"column":18},"end":{"line":84,"column":5}},"locations":[{"start":{"line":78,"column":18},"end":{"line":84,"column":5}}]},"9":{"type":"branch","line":81,"loc":{"start":{"line":81,"column":6},"end":{"line":83,"column":7}},"locations":[{"start":{"line":81,"column":6},"end":{"line":83,"column":7}}]},"10":{"type":"branch","line":85,"loc":{"start":{"line":85,"column":4},"end":{"line":85,"column":32}},"locations":[{"start":{"line":85,"column":4},"end":{"line":85,"column":32}}]},"11":{"type":"branch","line":87,"loc":{"start":{"line":87,"column":34},"end":{"line":87,"column":50}},"locations":[{"start":{"line":87,"column":34},"end":{"line":87,"column":50}}]},"12":{"type":"branch","line":88,"loc":{"start":{"line":88,"column":18},"end":{"line":95,"column":6}},"locations":[{"start":{"line":88,"column":18},"end":{"line":95,"column":6}}]},"13":{"type":"branch","line":92,"loc":{"start":{"line":92,"column":21},"end":{"line":93,"column":53}},"locations":[{"start":{"line":92,"column":21},"end":{"line":93,"column":53}}]},"14":{"type":"branch","line":93,"loc":{"start":{"line":93,"column":52},"end":{"line":94,"column":28}},"locations":[{"start":{"line":93,"column":52},"end":{"line":94,"column":28}}]},"15":{"type":"branch","line":102,"loc":{"start":{"line":102,"column":11},"end":{"line":158,"column":3}},"locations":[{"start":{"line":102,"column":11},"end":{"line":158,"column":3}}]},"16":{"type":"branch","line":116,"loc":{"start":{"line":116,"column":16},"end":{"line":121,"column":16}},"locations":[{"start":{"line":116,"column":16},"end":{"line":121,"column":16}}]},"17":{"type":"branch","line":116,"loc":{"start":{"line":116,"column":16},"end":{"line":118,"column":5}},"locations":[{"start":{"line":116,"column":16},"end":{"line":118,"column":5}}]},"18":{"type":"branch","line":118,"loc":{"start":{"line":118,"column":4},"end":{"line":121,"column":16}},"locations":[{"start":{"line":118,"column":4},"end":{"line":121,"column":16}}]},"19":{"type":"branch","line":121,"loc":{"start":{"line":121,"column":16},"end":{"line":123,"column":5}},"locations":[{"start":{"line":121,"column":16},"end":{"line":123,"column":5}}]},"20":{"type":"branch","line":123,"loc":{"start":{"line":123,"column":4},"end":{"line":126,"column":51}},"locations":[{"start":{"line":123,"column":4},"end":{"line":126,"column":51}}]},"21":{"type":"branch","line":123,"loc":{"start":{"line":123,"column":4},"end":{"line":126,"column":26}},"locations":[{"start":{"line":123,"column":4},"end":{"line":126,"column":26}}]},"22":{"type":"branch","line":126,"loc":{"start":{"line":126,"column":21},"end":{"line":126,"column":51}},"locations":[{"start":{"line":126,"column":21},"end":{"line":126,"column":51}}]},"23":{"type":"branch","line":126,"loc":{"start":{"line":126,"column":51},"end":{"line":128,"column":5}},"locations":[{"start":{"line":126,"column":51},"end":{"line":128,"column":5}}]},"24":{"type":"branch","line":128,"loc":{"start":{"line":128,"column":4},"end":{"line":133,"column":32}},"locations":[{"start":{"line":128,"column":4},"end":{"line":133,"column":32}}]},"25":{"type":"branch","line":128,"loc":{"start":{"line":128,"column":4},"end":{"line":132,"column":36}},"locations":[{"start":{"line":128,"column":4},"end":{"line":132,"column":36}}]},"26":{"type":"branch","line":132,"loc":{"start":{"line":132,"column":26},"end":{"line":133,"column":32}},"locations":[{"start":{"line":132,"column":26},"end":{"line":133,"column":32}}]},"27":{"type":"branch","line":133,"loc":{"start":{"line":133,"column":31},"end":{"line":140,"column":18}},"locations":[{"start":{"line":133,"column":31},"end":{"line":140,"column":18}}]},"28":{"type":"branch","line":134,"loc":{"start":{"line":134,"column":10},"end":{"line":140,"column":18}},"locations":[{"start":{"line":134,"column":10},"end":{"line":140,"column":18}}]},"29":{"type":"branch","line":143,"loc":{"start":{"line":143,"column":20},"end":{"line":144,"column":61}},"locations":[{"start":{"line":143,"column":20},"end":{"line":144,"column":61}}]},"30":{"type":"branch","line":144,"loc":{"start":{"line":144,"column":55},"end":{"line":146,"column":21}},"locations":[{"start":{"line":144,"column":55},"end":{"line":146,"column":21}}]},"31":{"type":"branch","line":149,"loc":{"start":{"line":149,"column":29},"end":{"line":155,"column":5}},"locations":[{"start":{"line":149,"column":29},"end":{"line":155,"column":5}}]},"32":{"type":"branch","line":155,"loc":{"start":{"line":155,"column":4},"end":{"line":157,"column":19}},"locations":[{"start":{"line":155,"column":4},"end":{"line":157,"column":19}}]}},"b":{"0":[20],"1":[1],"2":[6],"3":[8],"4":[0],"5":[5],"6":[5],"7":[3],"8":[2],"9":[0],"10":[1],"11":[3],"12":[8],"13":[5],"14":[3],"15":[25],"16":[24],"17":[17],"18":[8],"19":[1],"20":[15],"21":[7],"22":[5],"23":[0],"24":[24],"25":[7],"26":[2],"27":[5],"28":[0],"29":[0],"30":[7],"31":[5],"32":[2]},"fnMap":{"0":{"name":"ErrorBoundaryInner","decl":{"start":{"line":53,"column":2},"end":{"line":100,"column":4}},"loc":{"start":{"line":53,"column":2},"end":{"line":100,"column":4}},"line":53},"1":{"name":"ErrorBoundaryInner.reset","decl":{"start":{"line":98,"column":10},"end":{"line":100,"column":4}},"loc":{"start":{"line":98,"column":10},"end":{"line":100,"column":4}},"line":98},"2":{"name":"componentDidCatch","decl":{"start":{"line":64,"column":11},"end":{"line":96,"column":3}},"loc":{"start":{"line":64,"column":11},"end":{"line":96,"column":3}},"line":64},"3":{"name":"render","decl":{"start":{"line":102,"column":11},"end":{"line":158,"column":3}},"loc":{"start":{"line":102,"column":11},"end":{"line":158,"column":3}},"line":102}},"f":{"0":20,"1":1,"2":8,"3":25}}
,"/Users/admin/Projects/personal/react-error-boundary-patterns/packages/core/src/boundaries/FeatureErrorBoundary.tsx": {"path":"/Users/admin/Projects/personal/react-error-boundary-patterns/packages/core/src/boundaries/FeatureErrorBoundary.tsx","all":false,"statementMap":{"0":{"start":{"line":1,"column":0},"end":{"line":1,"column":58}},"9":{"start":{"line":10,"column":0},"end":{"line":10,"column":38}},"10":{"start":{"line":11,"column":0},"end":{"line":11,"column":11}},"11":{"start":{"line":12,"column":0},"end":{"line":12,"column":14}},"12":{"start":{"line":13,"column":0},"end":{"line":13,"column":11}},"13":{"start":{"line":14,"column":0},"end":{"line":14,"column":9}},"14":{"start":{"line":15,"column":0},"end":{"line":15,"column":11}},"15":{"start":{"line":16,"column":0},"end":{"line":16,"column":31}},"16":{"start":{"line":17,"column":0},"end":{"line":17,"column":10}},"17":{"start":{"line":18,"column":0},"end":{"line":18,"column":23}},"18":{"start":{"line":19,"column":0},"end":{"line":19,"column":41}},"19":{"start":{"line":20,"column":0},"end":{"line":20,"column":31}},"20":{"start":{"line":21,"column":0},"end":{"line":21,"column":21}},"21":{"start":{"line":22,"column":0},"end":{"line":22,"column":65}},"22":{"start":{"line":23,"column":0},"end":{"line":23,"column":25}},"23":{"start":{"line":24,"column":0},"end":{"line":24,"column":25}},"25":{"start":{"line":26,"column":0},"end":{"line":26,"column":16}},"26":{"start":{"line":27,"column":0},"end":{"line":27,"column":25}},"28":{"start":{"line":29,"column":0},"end":{"line":29,"column":1}}},"s":{"0":1,"9":1,"10":8,"11":8,"12":8,"13":8,"14":8,"15":8,"16":8,"17":8,"18":8,"19":8,"20":8,"21":8,"22":8,"23":8,"25":8,"26":8,"28":8},"branchMap":{"0":{"type":"branch","line":10,"loc":{"start":{"line":10,"column":7},"end":{"line":29,"column":1}},"locations":[{"start":{"line":10,"column":7},"end":{"line":29,"column":1}}]}},"b":{"0":[8]},"fnMap":{"0":{"name":"FeatureErrorBoundary","decl":{"start":{"line":10,"column":7},"end":{"line":29,"column":1}},"loc":{"start":{"line":10,"column":7},"end":{"line":29,"column":1}},"line":10}},"f":{"0":8}}
,"/Users/admin/Projects/personal/react-error-boundary-patterns/packages/core/src/boundaries/GlobalErrorBoundary.tsx": {"path":"/Users/admin/Projects/personal/react-error-boundary-patterns/packages/core/src/boundaries/GlobalErrorBoundary.tsx","all":false,"statementMap":{"0":{"start":{"line":1,"column":0},"end":{"line":1,"column":64}},"4":{"start":{"line":5,"column":0},"end":{"line":5,"column":22}},"12":{"start":{"line":13,"column":0},"end":{"line":13,"column":46}},"15":{"start":{"line":16,"column":0},"end":{"line":16,"column":44}},"16":{"start":{"line":17,"column":0},"end":{"line":17,"column":40}},"18":{"start":{"line":19,"column":0},"end":{"line":19,"column":22}},"19":{"start":{"line":20,"column":0},"end":{"line":20,"column":8}},"20":{"start":{"line":21,"column":0},"end":{"line":21,"column":12}},"21":{"start":{"line":22,"column":0},"end":{"line":22,"column":40}},"22":{"start":{"line":23,"column":0},"end":{"line":23,"column":7}},"23":{"start":{"line":24,"column":0},"end":{"line":24,"column":6}},"24":{"start":{"line":25,"column":0},"end":{"line":25,"column":4}},"26":{"start":{"line":27,"column":0},"end":{"line":27,"column":10}},"27":{"start":{"line":28,"column":0},"end":{"line":28,"column":23}},"28":{"start":{"line":29,"column":0},"end":{"line":29,"column":40}},"29":{"start":{"line":30,"column":0},"end":{"line":30,"column":30}},"30":{"start":{"line":31,"column":0},"end":{"line":31,"column":25}},"31":{"start":{"line":32,"column":0},"end":{"line":32,"column":83}},"32":{"start":{"line":33,"column":0},"end":{"line":33,"column":70}},"33":{"start":{"line":34,"column":0},"end":{"line":34,"column":16}},"34":{"start":{"line":35,"column":0},"end":{"line":35,"column":33}},"35":{"start":{"line":36,"column":0},"end":{"line":36,"column":33}},"36":{"start":{"line":37,"column":0},"end":{"line":37,"column":8}},"37":{"start":{"line":38,"column":0},"end":{"line":38,"column":35}},"38":{"start":{"line":39,"column":0},"end":{"line":39,"column":6}},"40":{"start":{"line":41,"column":0},"end":{"line":41,"column":3}}},"s":{"0":1,"4":1,"12":1,"15":1,"16":12,"18":12,"19":12,"20":12,"21":0,"22":0,"23":12,"24":12,"26":12,"27":12,"28":12,"29":12,"30":12,"31":12,"32":12,"33":12,"34":12,"35":6,"36":6,"37":12,"38":12,"40":12},"branchMap":{"0":{"type":"branch","line":16,"loc":{"start":{"line":16,"column":2},"end":{"line":41,"column":3}},"locations":[{"start":{"line":16,"column":2},"end":{"line":41,"column":3}}]},"1":{"type":"branch","line":35,"loc":{"start":{"line":35,"column":21},"end":{"line":37,"column":8}},"locations":[{"start":{"line":35,"column":21},"end":{"line":37,"column":8}}]}},"b":{"0":[12],"1":[6]},"fnMap":{"0":{"name":"GlobalErrorBoundary2","decl":{"start":{"line":16,"column":2},"end":{"line":41,"column":3}},"loc":{"start":{"line":16,"column":2},"end":{"line":41,"column":3}},"line":16},"1":{"name":"registerReset","decl":{"start":{"line":35,"column":21},"end":{"line":37,"column":8}},"loc":{"start":{"line":35,"column":21},"end":{"line":37,"column":8}},"line":35}},"f":{"0":12,"1":6}}
,"/Users/admin/Projects/personal/react-error-boundary-patterns/packages/core/src/boundaries/RouteErrorBoundary.tsx": {"path":"/Users/admin/Projects/personal/react-error-boundary-patterns/packages/core/src/boundaries/RouteErrorBoundary.tsx","all":false,"statementMap":{"0":{"start":{"line":1,"column":0},"end":{"line":1,"column":56}},"3":{"start":{"line":4,"column":0},"end":{"line":4,"column":22}},"11":{"start":{"line":12,"column":0},"end":{"line":12,"column":36}},"12":{"start":{"line":13,"column":0},"end":{"line":13,"column":11}},"13":{"start":{"line":14,"column":0},"end":{"line":14,"column":12}},"14":{"start":{"line":15,"column":0},"end":{"line":15,"column":11}},"15":{"start":{"line":16,"column":0},"end":{"line":16,"column":11}},"16":{"start":{"line":17,"column":0},"end":{"line":17,"column":29}},"17":{"start":{"line":18,"column":0},"end":{"line":18,"column":10}},"18":{"start":{"line":19,"column":0},"end":{"line":19,"column":23}},"19":{"start":{"line":20,"column":0},"end":{"line":20,"column":39}},"20":{"start":{"line":21,"column":0},"end":{"line":21,"column":27}},"21":{"start":{"line":22,"column":0},"end":{"line":22,"column":30}},"22":{"start":{"line":23,"column":0},"end":{"line":23,"column":25}},"23":{"start":{"line":24,"column":0},"end":{"line":24,"column":93}},"24":{"start":{"line":25,"column":0},"end":{"line":25,"column":75}},"25":{"start":{"line":26,"column":0},"end":{"line":26,"column":25}},"26":{"start":{"line":27,"column":0},"end":{"line":27,"column":25}},"28":{"start":{"line":29,"column":0},"end":{"line":29,"column":16}},"29":{"start":{"line":30,"column":0},"end":{"line":30,"column":25}},"31":{"start":{"line":32,"column":0},"end":{"line":32,"column":1}}},"s":{"0":1,"3":1,"11":1,"12":0,"13":0,"14":0,"15":0,"16":0,"17":0,"18":0,"19":0,"20":0,"21":0,"22":0,"23":0,"24":0,"25":0,"26":0,"28":0,"29":0,"31":0},"branchMap":{},"b":{},"fnMap":{"0":{"name":"RouteErrorBoundary","decl":{"start":{"line":12,"column":7},"end":{"line":32,"column":1}},"loc":{"start":{"line":12,"column":7},"end":{"line":32,"column":1}},"line":12}},"f":{"0":0}}
,"/Users/admin/Projects/personal/react-error-boundary-patterns/packages/core/src/context/ErrorHandlerContext.tsx": {"path":"/Users/admin/Projects/personal/react-error-boundary-patterns/packages/core/src/context/ErrorHandlerContext.tsx","all":false,"statementMap":{"0":{"start":{"line":1,"column":0},"end":{"line":1,"column":8}},"10":{"start":{"line":11,"column":0},"end":{"line":11,"column":65}},"12":{"start":{"line":13,"column":0},"end":{"line":13,"column":52}},"13":{"start":{"line":14,"column":0},"end":{"line":14,"column":51}},"14":{"start":{"line":15,"column":0},"end":{"line":15,"column":26}},"15":{"start":{"line":16,"column":0},"end":{"line":16,"column":20}},"16":{"start":{"line":17,"column":0},"end":{"line":17,"column":136}},"17":{"start":{"line":18,"column":0},"end":{"line":18,"column":6}},"18":{"start":{"line":19,"column":0},"end":{"line":19,"column":3}},"19":{"start":{"line":20,"column":0},"end":{"line":20,"column":18}},"20":{"start":{"line":21,"column":0},"end":{"line":21,"column":1}},"29":{"start":{"line":30,"column":0},"end":{"line":30,"column":70}},"30":{"start":{"line":31,"column":0},"end":{"line":31,"column":62}},"31":{"start":{"line":32,"column":0},"end":{"line":32,"column":46}},"32":{"start":{"line":33,"column":0},"end":{"line":33,"column":21}},"33":{"start":{"line":34,"column":0},"end":{"line":34,"column":9}},"35":{"start":{"line":36,"column":0},"end":{"line":36,"column":10}},"36":{"start":{"line":37,"column":0},"end":{"line":37,"column":51}},"37":{"start":{"line":38,"column":0},"end":{"line":38,"column":36}},"38":{"start":{"line":39,"column":0},"end":{"line":39,"column":22}},"39":{"start":{"line":40,"column":0},"end":{"line":40,"column":35}},"41":{"start":{"line":42,"column":0},"end":{"line":42,"column":1}},"43":{"start":{"line":44,"column":0},"end":{"line":44,"column":59}},"44":{"start":{"line":45,"column":0},"end":{"line":45,"column":25}},"45":{"start":{"line":46,"column":0},"end":{"line":46,"column":14}},"46":{"start":{"line":47,"column":0},"end":{"line":47,"column":1}}},"s":{"0":1,"10":1,"12":1,"13":1,"14":1,"15":0,"16":0,"17":0,"18":0,"19":1,"20":1,"29":1,"30":4,"31":4,"32":1,"33":4,"35":4,"36":4,"37":4,"38":4,"39":4,"41":4,"43":6,"44":6,"45":1,"46":1},"branchMap":{"0":{"type":"branch","line":13,"loc":{"start":{"line":13,"column":7},"end":{"line":21,"column":1}},"locations":[{"start":{"line":13,"column":7},"end":{"line":21,"column":1}}]},"1":{"type":"branch","line":15,"loc":{"start":{"line":15,"column":25},"end":{"line":19,"column":3}},"locations":[{"start":{"line":15,"column":25},"end":{"line":19,"column":3}}]},"2":{"type":"branch","line":30,"loc":{"start":{"line":30,"column":7},"end":{"line":42,"column":1}},"locations":[{"start":{"line":30,"column":7},"end":{"line":42,"column":1}}]},"3":{"type":"branch","line":32,"loc":{"start":{"line":32,"column":31},"end":{"line":34,"column":5}},"locations":[{"start":{"line":32,"column":31},"end":{"line":34,"column":5}}]},"4":{"type":"branch","line":44,"loc":{"start":{"line":44,"column":0},"end":{"line":47,"column":1}},"locations":[{"start":{"line":44,"column":0},"end":{"line":47,"column":1}}]},"5":{"type":"branch","line":45,"loc":{"start":{"line":45,"column":13},"end":{"line":45,"column":25}},"locations":[{"start":{"line":45,"column":13},"end":{"line":45,"column":25}}]},"6":{"type":"branch","line":45,"loc":{"start":{"line":45,"column":19},"end":{"line":47,"column":1}},"locations":[{"start":{"line":45,"column":19},"end":{"line":47,"column":1}}]}},"b":{"0":[1],"1":[0],"2":[4],"3":[1],"4":[6],"5":[4],"6":[1]},"fnMap":{"0":{"name":"useErrorHandlerContext","decl":{"start":{"line":13,"column":7},"end":{"line":21,"column":1}},"loc":{"start":{"line":13,"column":7},"end":{"line":21,"column":1}},"line":13},"1":{"name":"ErrorHandlerProvider","decl":{"start":{"line":30,"column":7},"end":{"line":42,"column":1}},"loc":{"start":{"line":30,"column":7},"end":{"line":42,"column":1}},"line":30},"2":{"name":"ThrowIfError","decl":{"start":{"line":44,"column":0},"end":{"line":47,"column":1}},"loc":{"start":{"line":44,"column":0},"end":{"line":47,"column":1}},"line":44}},"f":{"0":1,"1":4,"2":6}}
,"/Users/admin/Projects/personal/react-error-boundary-patterns/packages/core/src/context/ErrorRecoveryContext.tsx": {"path":"/Users/admin/Projects/personal/react-error-boundary-patterns/packages/core/src/context/ErrorRecoveryContext.tsx","all":false,"statementMap":{"0":{"start":{"line":1,"column":0},"end":{"line":1,"column":66}},"7":{"start":{"line":8,"column":0},"end":{"line":8,"column":77}},"8":{"start":{"line":9,"column":0},"end":{"line":9,"column":6}},"9":{"start":{"line":10,"column":0},"end":{"line":10,"column":2}},"11":{"start":{"line":12,"column":0},"end":{"line":12,"column":70}},"12":{"start":{"line":13,"column":0},"end":{"line":13,"column":49}},"13":{"start":{"line":14,"column":0},"end":{"line":14,"column":23}},"14":{"start":{"line":15,"column":0},"end":{"line":15,"column":20}},"15":{"start":{"line":16,"column":0},"end":{"line":16,"column":137}},"16":{"start":{"line":17,"column":0},"end":{"line":17,"column":6}},"17":{"start":{"line":18,"column":0},"end":{"line":18,"column":3}},"18":{"start":{"line":19,"column":0},"end":{"line":19,"column":15}},"19":{"start":{"line":20,"column":0},"end":{"line":20,"column":1}},"21":{"start":{"line":22,"column":0},"end":{"line":22,"column":46}},"24":{"start":{"line":25,"column":0},"end":{"line":25,"column":4}},"25":{"start":{"line":26,"column":0},"end":{"line":26,"column":10}},"26":{"start":{"line":27,"column":0},"end":{"line":27,"column":55}},"27":{"start":{"line":28,"column":0},"end":{"line":28,"column":22}},"28":{"start":{"line":29,"column":0},"end":{"line":29,"column":36}},"30":{"start":{"line":31,"column":0},"end":{"line":31,"column":1}}},"s":{"0":1,"7":1,"8":1,"9":1,"11":1,"12":0,"13":0,"14":0,"15":0,"16":0,"17":0,"18":0,"19":0,"21":1,"24":5,"25":5,"26":5,"27":5,"28":5,"30":5},"branchMap":{"0":{"type":"branch","line":22,"loc":{"start":{"line":22,"column":7},"end":{"line":31,"column":1}},"locations":[{"start":{"line":22,"column":7},"end":{"line":31,"column":1}}]}},"b":{"0":[5]},"fnMap":{"0":{"name":"useErrorRecoveryContext","decl":{"start":{"line":12,"column":7},"end":{"line":20,"column":1}},"loc":{"start":{"line":12,"column":7},"end":{"line":20,"column":1}},"line":12},"1":{"name":"ErrorRecoveryProvider","decl":{"start":{"line":22,"column":7},"end":{"line":31,"column":1}},"loc":{"start":{"line":22,"column":7},"end":{"line":31,"column":1}},"line":22}},"f":{"0":0,"1":5}}
,"/Users/admin/Projects/personal/react-error-boundary-patterns/packages/core/src/hooks/useErrorHandler.ts": {"path":"/Users/admin/Projects/personal/react-error-boundary-patterns/packages/core/src/hooks/useErrorHandler.ts","all":false,"statementMap":{"0":{"start":{"line":1,"column":0},"end":{"line":1,"column":36}},"15":{"start":{"line":16,"column":0},"end":{"line":16,"column":59}},"16":{"start":{"line":17,"column":0},"end":{"line":17,"column":44}},"17":{"start":{"line":18,"column":0},"end":{"line":18,"column":21}},"18":{"start":{"line":19,"column":0},"end":{"line":19,"column":23}},"19":{"start":{"line":20,"column":0},"end":{"line":20,"column":22}},"20":{"start":{"line":21,"column":0},"end":{"line":21,"column":6}},"21":{"start":{"line":22,"column":0},"end":{"line":22,"column":14}},"22":{"start":{"line":23,"column":0},"end":{"line":23,"column":4}},"23":{"start":{"line":24,"column":0},"end":{"line":24,"column":1}}},"s":{"0":1,"15":1,"16":1,"17":1,"18":1,"19":1,"20":1,"21":1,"22":1,"23":1},"branchMap":{"0":{"type":"branch","line":16,"loc":{"start":{"line":16,"column":7},"end":{"line":24,"column":1}},"locations":[{"start":{"line":16,"column":7},"end":{"line":24,"column":1}}]},"1":{"type":"branch","line":19,"loc":{"start":{"line":19,"column":4},"end":{"line":21,"column":6}},"locations":[{"start":{"line":19,"column":4},"end":{"line":21,"column":6}}]}},"b":{"0":[1],"1":[1]},"fnMap":{"0":{"name":"useErrorHandler","decl":{"start":{"line":16,"column":7},"end":{"line":24,"column":1}},"loc":{"start":{"line":16,"column":7},"end":{"line":24,"column":1}},"line":16}},"f":{"0":1}}
,"/Users/admin/Projects/personal/react-error-boundary-patterns/packages/core/src/hooks/useErrorRecovery.ts": {"path":"/Users/admin/Projects/personal/react-error-boundary-patterns/packages/core/src/hooks/useErrorRecovery.ts","all":false,"statementMap":{"0":{"start":{"line":1,"column":0},"end":{"line":1,"column":46}},"19":{"start":{"line":20,"column":0},"end":{"line":20,"column":33}},"20":{"start":{"line":21,"column":0},"end":{"line":21,"column":39}},"25":{"start":{"line":26,"column":0},"end":{"line":26,"column":3}},"26":{"start":{"line":27,"column":0},"end":{"line":27,"column":53}},"27":{"start":{"line":28,"column":0},"end":{"line":28,"column":58}},"28":{"start":{"line":29,"column":0},"end":{"line":29,"column":58}},"30":{"start":{"line":31,"column":0},"end":{"line":31,"column":35}},"31":{"start":{"line":32,"column":0},"end":{"line":32,"column":41}},"32":{"start":{"line":33,"column":0},"end":{"line":33,"column":26}},"33":{"start":{"line":34,"column":0},"end":{"line":34,"column":25}},"34":{"start":{"line":35,"column":0},"end":{"line":35,"column":24}},"35":{"start":{"line":36,"column":0},"end":{"line":36,"column":16}},"36":{"start":{"line":37,"column":0},"end":{"line":37,"column":31}},"37":{"start":{"line":38,"column":0},"end":{"line":38,"column":21}},"38":{"start":{"line":39,"column":0},"end":{"line":39,"column":12}},"39":{"start":{"line":40,"column":0},"end":{"line":40,"column":14}},"40":{"start":{"line":41,"column":0},"end":{"line":41,"column":29}},"41":{"start":{"line":42,"column":0},"end":{"line":42,"column":5}},"42":{"start":{"line":43,"column":0},"end":{"line":43,"column":50}},"44":{"start":{"line":45,"column":0},"end":{"line":45,"column":45}},"45":{"start":{"line":46,"column":0},"end":{"line":46,"column":1}}},"s":{"0":1,"19":1,"20":0,"25":0,"26":0,"27":0,"28":0,"30":0,"31":0,"32":0,"33":0,"34":0,"35":0,"36":0,"37":0,"38":0,"39":0,"40":0,"41":0,"42":0,"44":0,"45":0},"branchMap":{},"b":{},"fnMap":{"0":{"name":"useErrorRecovery","decl":{"start":{"line":20,"column":7},"end":{"line":46,"column":1}},"loc":{"start":{"line":20,"column":7},"end":{"line":46,"column":1}},"line":20}},"f":{"0":0}}
,"/Users/admin/Projects/personal/react-error-boundary-patterns/packages/core/src/reporters/ConsoleReporter.ts": {"path":"/Users/admin/Projects/personal/react-error-boundary-patterns/packages/core/src/reporters/ConsoleReporter.ts","all":false,"statementMap":{"0":{"start":{"line":1,"column":0},"end":{"line":1,"column":45}},"10":{"start":{"line":11,"column":0},"end":{"line":11,"column":55}},"12":{"start":{"line":13,"column":0},"end":{"line":13,"column":60}},"14":{"start":{"line":15,"column":0},"end":{"line":15,"column":53}},"15":{"start":{"line":16,"column":0},"end":{"line":16,"column":21}},"16":{"start":{"line":17,"column":0},"end":{"line":17,"column":35}},"17":{"start":{"line":18,"column":0},"end":{"line":18,"column":16}},"18":{"start":{"line":19,"column":0},"end":{"line":19,"column":43}},"19":{"start":{"line":20,"column":0},"end":{"line":20,"column":37}},"20":{"start":{"line":21,"column":0},"end":{"line":21,"column":41}},"21":{"start":{"line":22,"column":0},"end":{"line":22,"column":47}},"22":{"start":{"line":23,"column":0},"end":{"line":23,"column":25}},"23":{"start":{"line":24,"column":0},"end":{"line":24,"column":8}},"24":{"start":{"line":25,"column":0},"end":{"line":25,"column":6}},"25":{"start":{"line":26,"column":0},"end":{"line":26,"column":58}},"26":{"start":{"line":27,"column":0},"end":{"line":27,"column":42}},"27":{"start":{"line":28,"column":0},"end":{"line":28,"column":5}},"28":{"start":{"line":29,"column":0},"end":{"line":29,"column":3}},"29":{"start":{"line":30,"column":0},"end":{"line":30,"column":1}}},"s":{"0":1,"10":1,"12":1,"14":1,"15":1,"16":1,"17":1,"18":1,"19":1,"20":1,"21":1,"22":1,"23":1,"24":1,"25":1,"26":1,"27":1,"28":1,"29":1},"branchMap":{"0":{"type":"branch","line":13,"loc":{"start":{"line":13,"column":2},"end":{"line":13,"column":60}},"locations":[{"start":{"line":13,"column":2},"end":{"line":13,"column":60}}]},"1":{"type":"branch","line":15,"loc":{"start":{"line":15,"column":2},"end":{"line":29,"column":3}},"locations":[{"start":{"line":15,"column":2},"end":{"line":29,"column":3}}]}},"b":{"0":[1],"1":[1]},"fnMap":{"0":{"name":"ConsoleReporter","decl":{"start":{"line":13,"column":2},"end":{"line":13,"column":60}},"loc":{"start":{"line":13,"column":2},"end":{"line":13,"column":60}},"line":13},"1":{"name":"report","decl":{"start":{"line":15,"column":2},"end":{"line":29,"column":3}},"loc":{"start":{"line":15,"column":2},"end":{"line":29,"column":3}},"line":15}},"f":{"0":1,"1":1}}
,"/Users/admin/Projects/personal/react-error-boundary-patterns/packages/core/src/reporters/SentryReporter.ts": {"path":"/Users/admin/Projects/personal/react-error-boundary-patterns/packages/core/src/reporters/SentryReporter.ts","all":false,"statementMap":{"21":{"start":{"line":22,"column":0},"end":{"line":22,"column":54}},"24":{"start":{"line":25,"column":0},"end":{"line":25,"column":52}},"25":{"start":{"line":26,"column":0},"end":{"line":26,"column":27}},"26":{"start":{"line":27,"column":0},"end":{"line":27,"column":3}},"28":{"start":{"line":29,"column":0},"end":{"line":29,"column":53}},"29":{"start":{"line":30,"column":0},"end":{"line":30,"column":38}},"30":{"start":{"line":31,"column":0},"end":{"line":31,"column":25}},"32":{"start":{"line":33,"column":0},"end":{"line":33,"column":44}},"33":{"start":{"line":34,"column":0},"end":{"line":34,"column":41}},"34":{"start":{"line":35,"column":0},"end":{"line":35,"column":35}},"35":{"start":{"line":36,"column":0},"end":{"line":36,"column":39}},"36":{"start":{"line":37,"column":0},"end":{"line":37,"column":23}},"37":{"start":{"line":38,"column":0},"end":{"line":38,"column":6}},"38":{"start":{"line":39,"column":0},"end":{"line":39,"column":33}},"39":{"start":{"line":40,"column":0},"end":{"line":40,"column":52}},"40":{"start":{"line":41,"column":0},"end":{"line":41,"column":5}},"41":{"start":{"line":42,"column":0},"end":{"line":42,"column":25}},"42":{"start":{"line":43,"column":0},"end":{"line":43,"column":36}},"43":{"start":{"line":44,"column":0},"end":{"line":44,"column":5}},"45":{"start":{"line":46,"column":0},"end":{"line":46,"column":9}},"46":{"start":{"line":47,"column":0},"end":{"line":47,"column":32}},"47":{"start":{"line":48,"column":0},"end":{"line":48,"column":13}},"49":{"start":{"line":50,"column":0},"end":{"line":50,"column":5}},"50":{"start":{"line":51,"column":0},"end":{"line":51,"column":3}},"52":{"start":{"line":53,"column":0},"end":{"line":53,"column":54}},"53":{"start":{"line":54,"column":0},"end":{"line":54,"column":43}},"54":{"start":{"line":55,"column":0},"end":{"line":55,"column":48}},"55":{"start":{"line":56,"column":0},"end":{"line":56,"column":5}},"57":{"start":{"line":58,"column":0},"end":{"line":58,"column":21}},"58":{"start":{"line":59,"column":0},"end":{"line":59,"column":3}},"59":{"start":{"line":60,"column":0},"end":{"line":60,"column":1}}},"s":{"21":1,"24":1,"25":3,"26":3,"28":1,"29":3,"30":3,"32":2,"33":2,"34":2,"35":2,"36":2,"37":2,"38":3,"39":0,"40":0,"41":3,"42":0,"43":0,"45":2,"46":2,"47":3,"49":1,"50":3,"52":1,"53":3,"54":2,"55":2,"57":1,"58":3,"59":1},"branchMap":{"0":{"type":"branch","line":25,"loc":{"start":{"line":25,"column":2},"end":{"line":27,"column":3}},"locations":[{"start":{"line":25,"column":2},"end":{"line":27,"column":3}}]},"1":{"type":"branch","line":29,"loc":{"start":{"line":29,"column":2},"end":{"line":51,"column":3}},"locations":[{"start":{"line":29,"column":2},"end":{"line":51,"column":3}}]},"2":{"type":"branch","line":31,"loc":{"start":{"line":31,"column":18},"end":{"line":31,"column":25}},"locations":[{"start":{"line":31,"column":18},"end":{"line":31,"column":25}}]},"3":{"type":"branch","line":31,"loc":{"start":{"line":31,"column":18},"end":{"line":39,"column":32}},"locations":[{"start":{"line":31,"column":18},"end":{"line":39,"column":32}}]},"4":{"type":"branch","line":39,"loc":{"start":{"line":39,"column":32},"end":{"line":41,"column":5}},"locations":[{"start":{"line":39,"column":32},"end":{"line":41,"column":5}}]},"5":{"type":"branch","line":41,"loc":{"start":{"line":41,"column":4},"end":{"line":42,"column":24}},"locations":[{"start":{"line":41,"column":4},"end":{"line":42,"column":24}}]},"6":{"type":"branch","line":42,"loc":{"start":{"line":42,"column":24},"end":{"line":44,"column":5}},"locations":[{"start":{"line":42,"column":24},"end":{"line":44,"column":5}}]},"7":{"type":"branch","line":44,"loc":{"start":{"line":44,"column":4},"end":{"line":48,"column":12}},"locations":[{"start":{"line":44,"column":4},"end":{"line":48,"column":12}}]},"8":{"type":"branch","line":48,"loc":{"start":{"line":48,"column":4},"end":{"line":50,"column":5}},"locations":[{"start":{"line":48,"column":4},"end":{"line":50,"column":5}}]},"9":{"type":"branch","line":53,"loc":{"start":{"line":53,"column":10},"end":{"line":59,"column":3}},"locations":[{"start":{"line":53,"column":10},"end":{"line":59,"column":3}}]},"10":{"type":"branch","line":54,"loc":{"start":{"line":54,"column":42},"end":{"line":56,"column":5}},"locations":[{"start":{"line":54,"column":42},"end":{"line":56,"column":5}}]},"11":{"type":"branch","line":56,"loc":{"start":{"line":56,"column":4},"end":{"line":58,"column":21}},"locations":[{"start":{"line":56,"column":4},"end":{"line":58,"column":21}}]}},"b":{"0":[3],"1":[3],"2":[1],"3":[2],"4":[0],"5":[2],"6":[0],"7":[2],"8":[1],"9":[3],"10":[2],"11":[1]},"fnMap":{"0":{"name":"SentryReporter","decl":{"start":{"line":25,"column":2},"end":{"line":27,"column":3}},"loc":{"start":{"line":25,"column":2},"end":{"line":27,"column":3}},"line":25},"1":{"name":"report","decl":{"start":{"line":29,"column":2},"end":{"line":51,"column":3}},"loc":{"start":{"line":29,"column":2},"end":{"line":51,"column":3}},"line":29},"2":{"name":"getCapture","decl":{"start":{"line":53,"column":10},"end":{"line":59,"column":3}},"loc":{"start":{"line":53,"column":10},"end":{"line":59,"column":3}},"line":53}},"f":{"0":3,"1":3,"2":3}}
,"/Users/admin/Projects/personal/react-error-boundary-patterns/packages/core/src/reporters/types.ts": {"path":"/Users/admin/Projects/personal/react-error-boundary-patterns/packages/core/src/reporters/types.ts","all":true,"statementMap":{},"s":{},"branchMap":{"0":{"type":"branch","line":1,"loc":{"start":{"line":1,"column":568},"end":{"line":24,"column":1}},"locations":[{"start":{"line":1,"column":568},"end":{"line":24,"column":1}}]}},"b":{"0":[1]},"fnMap":{"0":{"name":"(empty-report)","decl":{"start":{"line":1,"column":568},"end":{"line":24,"column":1}},"loc":{"start":{"line":1,"column":568},"end":{"line":24,"column":1}},"line":1}},"f":{"0":1}}
,"/Users/admin/Projects/personal/react-error-boundary-patterns/packages/core/src/utils/errorClassifier.ts": {"path":"/Users/admin/Projects/personal/react-error-boundary-patterns/packages/core/src/utils/errorClassifier.ts","all":false,"statementMap":{"2":{"start":{"line":3,"column":0},"end":{"line":3,"column":29}},"3":{"start":{"line":4,"column":0},"end":{"line":4,"column":30}},"4":{"start":{"line":5,"column":0},"end":{"line":5,"column":34}},"5":{"start":{"line":6,"column":0},"end":{"line":6,"column":20}},"6":{"start":{"line":7,"column":0},"end":{"line":7,"column":49}},"7":{"start":{"line":8,"column":0},"end":{"line":8,"column":2}},"9":{"start":{"line":10,"column":0},"end":{"line":10,"column":26}},"10":{"start":{"line":11,"column":0},"end":{"line":11,"column":19}},"11":{"start":{"line":12,"column":0},"end":{"line":12,"column":21}},"12":{"start":{"line":13,"column":0},"end":{"line":13,"column":28}},"13":{"start":{"line":14,"column":0},"end":{"line":14,"column":17}},"14":{"start":{"line":15,"column":0},"end":{"line":15,"column":28}},"15":{"start":{"line":16,"column":0},"end":{"line":16,"column":26}},"16":{"start":{"line":17,"column":0},"end":{"line":17,"column":2}},"18":{"start":{"line":19,"column":0},"end":{"line":19,"column":29}},"19":{"start":{"line":20,"column":0},"end":{"line":20,"column":23}},"20":{"start":{"line":21,"column":0},"end":{"line":21,"column":19}},"21":{"start":{"line":22,"column":0},"end":{"line":22,"column":15}},"22":{"start":{"line":23,"column":0},"end":{"line":23,"column":9}},"23":{"start":{"line":24,"column":0},"end":{"line":24,"column":9}},"24":{"start":{"line":25,"column":0},"end":{"line":25,"column":2}},"34":{"start":{"line":35,"column":0},"end":{"line":35,"column":64}},"35":{"start":{"line":36,"column":0},"end":{"line":36,"column":38}},"36":{"start":{"line":37,"column":0},"end":{"line":37,"column":44}},"38":{"start":{"line":39,"column":0},"end":{"line":39,"column":54}},"39":{"start":{"line":40,"column":0},"end":{"line":40,"column":12}},"40":{"start":{"line":41,"column":0},"end":{"line":41,"column":25}},"41":{"start":{"line":42,"column":0},"end":{"line":42,"column":24}},"42":{"start":{"line":43,"column":0},"end":{"line":43,"column":76}},"43":{"start":{"line":44,"column":0},"end":{"line":44,"column":22}},"44":{"start":{"line":45,"column":0},"end":{"line":45,"column":6}},"45":{"start":{"line":46,"column":0},"end":{"line":46,"column":3}},"47":{"start":{"line":48,"column":0},"end":{"line":48,"column":51}},"48":{"start":{"line":49,"column":0},"end":{"line":49,"column":12}},"49":{"start":{"line":50,"column":0},"end":{"line":50,"column":22}},"50":{"start":{"line":51,"column":0},"end":{"line":51,"column":24}},"51":{"start":{"line":52,"column":0},"end":{"line":52,"column":84}},"52":{"start":{"line":53,"column":0},"end":{"line":53,"column":22}},"53":{"start":{"line":54,"column":0},"end":{"line":54,"column":6}},"54":{"start":{"line":55,"column":0},"end":{"line":55,"column":3}},"56":{"start":{"line":57,"column":0},"end":{"line":57,"column":54}},"57":{"start":{"line":58,"column":0},"end":{"line":58,"column":12}},"58":{"start":{"line":59,"column":0},"end":{"line":59,"column":25}},"59":{"start":{"line":60,"column":0},"end":{"line":60,"column":25}},"60":{"start":{"line":61,"column":0},"end":{"line":61,"column":71}},"61":{"start":{"line":62,"column":0},"end":{"line":62,"column":23}},"62":{"start":{"line":63,"column":0},"end":{"line":63,"column":6}},"63":{"start":{"line":64,"column":0},"end":{"line":64,"column":3}},"67":{"start":{"line":68,"column":0},"end":{"line":68,"column":10}},"68":{"start":{"line":69,"column":0},"end":{"line":69,"column":20}},"69":{"start":{"line":70,"column":0},"end":{"line":70,"column":22}},"70":{"start":{"line":71,"column":0},"end":{"line":71,"column":60}},"71":{"start":{"line":72,"column":0},"end":{"line":72,"column":20}},"72":{"start":{"line":73,"column":0},"end":{"line":73,"column":4}},"73":{"start":{"line":74,"column":0},"end":{"line":74,"column":1}},"75":{"start":{"line":76,"column":0},"end":{"line":76,"column":72}},"76":{"start":{"line":77,"column":0},"end":{"line":77,"column":47}},"77":{"start":{"line":78,"column":0},"end":{"line":78,"column":1}},"79":{"start":{"line":80,"column":0},"end":{"line":80,"column":50}},"80":{"start":{"line":81,"column":0},"end":{"line":81,"column":43}},"81":{"start":{"line":82,"column":0},"end":{"line":82,"column":57}},"82":{"start":{"line":83,"column":0},"end":{"line":83,"column":7}},"83":{"start":{"line":84,"column":0},"end":{"line":84,"column":36}},"84":{"start":{"line":85,"column":0},"end":{"line":85,"column":11}},"85":{"start":{"line":86,"column":0},"end":{"line":86,"column":50}},"86":{"start":{"line":87,"column":0},"end":{"line":87,"column":3}},"87":{"start":{"line":88,"column":0},"end":{"line":88,"column":1}}},"s":{"2":1,"3":1,"4":1,"5":1,"6":1,"7":1,"9":1,"10":1,"11":1,"12":1,"13":1,"14":1,"15":1,"16":1,"18":1,"19":1,"20":1,"21":1,"22":1,"23":1,"24":1,"34":1,"35":6,"36":6,"38":6,"39":1,"40":1,"41":1,"42":1,"43":1,"44":1,"45":1,"47":6,"48":1,"49":1,"50":1,"51":1,"52":1,"53":1,"54":1,"56":6,"57":1,"58":1,"59":1,"60":1,"61":1,"62":1,"63":1,"67":3,"68":3,"69":3,"70":3,"71":3,"72":3,"73":3,"75":15,"76":15,"77":15,"79":6,"80":6,"81":6,"82":1,"83":1,"84":6,"85":0,"86":0,"87":6},"branchMap":{"0":{"type":"branch","line":35,"loc":{"start":{"line":35,"column":7},"end":{"line":74,"column":1}},"locations":[{"start":{"line":35,"column":7},"end":{"line":74,"column":1}}]},"1":{"type":"branch","line":39,"loc":{"start":{"line":39,"column":53},"end":{"line":46,"column":3}},"locations":[{"start":{"line":39,"column":53},"end":{"line":46,"column":3}}]},"2":{"type":"branch","line":46,"loc":{"start":{"line":46,"column":2},"end":{"line":48,"column":50}},"locations":[{"start":{"line":46,"column":2},"end":{"line":48,"column":50}}]},"3":{"type":"branch","line":48,"loc":{"start":{"line":48,"column":50},"end":{"line":55,"column":3}},"locations":[{"start":{"line":48,"column":50},"end":{"line":55,"column":3}}]},"4":{"type":"branch","line":55,"loc":{"start":{"line":55,"column":2},"end":{"line":57,"column":53}},"locations":[{"start":{"line":55,"column":2},"end":{"line":57,"column":53}}]},"5":{"type":"branch","line":57,"loc":{"start":{"line":57,"column":53},"end":{"line":64,"column":3}},"locations":[{"start":{"line":57,"column":53},"end":{"line":64,"column":3}}]},"6":{"type":"branch","line":64,"loc":{"start":{"line":64,"column":2},"end":{"line":74,"column":1}},"locations":[{"start":{"line":64,"column":2},"end":{"line":74,"column":1}}]},"7":{"type":"branch","line":76,"loc":{"start":{"line":76,"column":0},"end":{"line":78,"column":1}},"locations":[{"start":{"line":76,"column":0},"end":{"line":78,"column":1}}]},"8":{"type":"branch","line":77,"loc":{"start":{"line":77,"column":23},"end":{"line":77,"column":45}},"locations":[{"start":{"line":77,"column":23},"end":{"line":77,"column":45}}]},"9":{"type":"branch","line":80,"loc":{"start":{"line":80,"column":0},"end":{"line":88,"column":1}},"locations":[{"start":{"line":80,"column":0},"end":{"line":88,"column":1}}]},"10":{"type":"branch","line":81,"loc":{"start":{"line":81,"column":30},"end":{"line":81,"column":43}},"locations":[{"start":{"line":81,"column":30},"end":{"line":81,"column":43}}]},"11":{"type":"branch","line":81,"loc":{"start":{"line":81,"column":37},"end":{"line":82,"column":40}},"locations":[{"start":{"line":81,"column":37},"end":{"line":82,"column":40}}]},"12":{"type":"branch","line":82,"loc":{"start":{"line":82,"column":33},"end":{"line":85,"column":10}},"locations":[{"start":{"line":82,"column":33},"end":{"line":85,"column":10}}]},"13":{"type":"branch","line":85,"loc":{"start":{"line":85,"column":2},"end":{"line":87,"column":3}},"locations":[{"start":{"line":85,"column":2},"end":{"line":87,"column":3}}]}},"b":{"0":[6],"1":[1],"2":[5],"3":[1],"4":[4],"5":[1],"6":[3],"7":[15],"8":[64],"9":[6],"10":[4],"11":[2],"12":[1],"13":[0]},"fnMap":{"0":{"name":"classifyError","decl":{"start":{"line":35,"column":7},"end":{"line":74,"column":1}},"loc":{"start":{"line":35,"column":7},"end":{"line":74,"column":1}},"line":35},"1":{"name":"matchesPatterns","decl":{"start":{"line":76,"column":0},"end":{"line":78,"column":1}},"loc":{"start":{"line":76,"column":0},"end":{"line":78,"column":1}},"line":76},"2":{"name":"normalizeToError","decl":{"start":{"line":80,"column":0},"end":{"line":88,"column":1}},"loc":{"start":{"line":80,"column":0},"end":{"line":88,"column":1}},"line":80}},"f":{"0":6,"1":15,"2":6}}
,"/Users/admin/Projects/personal/react-error-boundary-patterns/packages/core/src/utils/errorSerializer.ts": {"path":"/Users/admin/Projects/personal/react-error-boundary-patterns/packages/core/src/utils/errorSerializer.ts","all":false,"statementMap":{"8":{"start":{"line":9,"column":0},"end":{"line":9,"column":73}},"9":{"start":{"line":10,"column":0},"end":{"line":10,"column":31}},"10":{"start":{"line":11,"column":0},"end":{"line":11,"column":12}},"11":{"start":{"line":12,"column":0},"end":{"line":12,"column":23}},"12":{"start":{"line":13,"column":0},"end":{"line":13,"column":29}},"13":{"start":{"line":14,"column":0},"end":{"line":14,"column":38}},"14":{"start":{"line":15,"column":0},"end":{"line":15,"column":6}},"15":{"start":{"line":16,"column":0},"end":{"line":16,"column":3}},"16":{"start":{"line":17,"column":0},"end":{"line":17,"column":34}},"17":{"start":{"line":18,"column":0},"end":{"line":18,"column":63}},"18":{"start":{"line":19,"column":0},"end":{"line":19,"column":3}},"19":{"start":{"line":20,"column":0},"end":{"line":20,"column":7}},"20":{"start":{"line":21,"column":0},"end":{"line":21,"column":73}},"21":{"start":{"line":22,"column":0},"end":{"line":22,"column":11}},"22":{"start":{"line":23,"column":0},"end":{"line":23,"column":84}},"23":{"start":{"line":24,"column":0},"end":{"line":24,"column":3}},"24":{"start":{"line":25,"column":0},"end":{"line":25,"column":1}}},"s":{"8":1,"9":4,"10":2,"11":2,"12":2,"13":2,"14":2,"15":2,"16":3,"17":1,"18":1,"19":1,"20":1,"21":3,"22":0,"23":0,"24":4},"branchMap":{"0":{"type":"branch","line":9,"loc":{"start":{"line":9,"column":7},"end":{"line":25,"column":1}},"locations":[{"start":{"line":9,"column":7},"end":{"line":25,"column":1}}]},"1":{"type":"branch","line":10,"loc":{"start":{"line":10,"column":30},"end":{"line":16,"column":3}},"locations":[{"start":{"line":10,"column":30},"end":{"line":16,"column":3}}]},"2":{"type":"branch","line":14,"loc":{"start":{"line":14,"column":19},"end":{"line":14,"column":38}},"locations":[{"start":{"line":14,"column":19},"end":{"line":14,"column":38}}]},"3":{"type":"branch","line":16,"loc":{"start":{"line":16,"column":2},"end":{"line":24,"column":3}},"locations":[{"start":{"line":16,"column":2},"end":{"line":24,"column":3}}]},"4":{"type":"branch","line":16,"loc":{"start":{"line":16,"column":2},"end":{"line":17,"column":33}},"locations":[{"start":{"line":16,"column":2},"end":{"line":17,"column":33}}]},"5":{"type":"branch","line":17,"loc":{"start":{"line":17,"column":33},"end":{"line":22,"column":10}},"locations":[{"start":{"line":17,"column":33},"end":{"line":22,"column":10}}]},"6":{"type":"branch","line":22,"loc":{"start":{"line":22,"column":2},"end":{"line":24,"column":3}},"locations":[{"start":{"line":22,"column":2},"end":{"line":24,"column":3}}]}},"b":{"0":[4],"1":[2],"2":[0],"3":[3],"4":[2],"5":[1],"6":[0]},"fnMap":{"0":{"name":"serializeError","decl":{"start":{"line":9,"column":7},"end":{"line":25,"column":1}},"loc":{"start":{"line":9,"column":7},"end":{"line":25,"column":1}},"line":9}},"f":{"0":4}}
}
