TN:
SF:src/types.ts
FN:1,(empty-report)
FNF:1
FNH:1
FNDA:1,(empty-report)
LF:0
LH:0
BRDA:1,0,0,1
BRF:1
BRH:1
end_of_record
TN:
SF:src/boundaries/AsyncErrorBoundary.tsx
FN:18,AsyncErrorBoundary
FNF:1
FNH:0
FNDA:0,AsyncErrorBoundary
DA:1,1
DA:18,1
DA:19,0
DA:20,0
DA:21,0
DA:22,0
DA:23,0
DA:24,0
DA:25,0
DA:26,0
DA:27,0
DA:28,0
DA:30,0
DA:31,0
DA:33,0
LF:15
LH:2
BRF:0
BRH:0
end_of_record
TN:
SF:src/boundaries/ErrorBoundaryInner.tsx
FN:53,ErrorBoundaryInner
FN:98,ErrorBoundaryInner.reset
FN:64,componentDidCatch
FN:102,render
FNF:4
FNH:4
FNDA:20,ErrorBoundaryInner
FNDA:1,ErrorBoundaryInner.reset
FNDA:8,componentDidCatch
FNDA:25,render
DA:1,1
DA:43,1
DA:50,1
DA:53,1
DA:54,20
DA:55,20
DA:56,20
DA:57,20
DA:58,20
DA:60,20
DA:61,20
DA:62,20
DA:64,20
DA:65,8
DA:66,8
DA:67,8
DA:68,8
DA:69,8
DA:70,8
DA:71,8
DA:72,8
DA:73,8
DA:74,5
DA:75,3
DA:76,8
DA:78,8
DA:79,2
DA:80,2
DA:81,2
DA:83,0
DA:84,2
DA:85,8
DA:87,8
DA:88,8
DA:89,8
DA:90,8
DA:91,8
DA:92,8
DA:93,5
DA:94,3
DA:95,8
DA:96,8
DA:98,20
DA:99,1
DA:100,1
DA:102,1
DA:103,25
DA:104,25
DA:105,25
DA:106,25
DA:107,25
DA:108,25
DA:109,25
DA:110,25
DA:111,25
DA:112,25
DA:113,25
DA:114,25
DA:116,25
DA:117,17
DA:118,17
DA:121,25
DA:122,1
DA:123,1
DA:126,25
DA:127,0
DA:128,0
DA:130,7
DA:131,7
DA:132,7
DA:133,2
DA:134,5
DA:135,0
DA:136,0
DA:137,0
DA:139,0
DA:140,0
DA:143,25
DA:144,0
DA:146,7
DA:149,25
DA:150,5
DA:151,5
DA:152,5
DA:153,5
DA:155,5
DA:157,2
DA:158,25
DA:159,1
LF:89
LH:80
BRDA:53,0,0,20
BRDA:98,1,0,1
BRDA:61,2,0,6
BRDA:64,3,0,8
BRDA:68,4,0,0
BRDA:73,5,0,5
BRDA:73,6,0,5
BRDA:74,7,0,3
BRDA:78,8,0,2
BRDA:81,9,0,0
BRDA:85,10,0,1
BRDA:87,11,0,3
BRDA:88,12,0,8
BRDA:92,13,0,5
BRDA:93,14,0,3
BRDA:102,15,0,25
BRDA:116,16,0,24
BRDA:116,17,0,17
BRDA:118,18,0,8
BRDA:121,19,0,1
BRDA:123,20,0,15
BRDA:123,21,0,7
BRDA:126,22,0,5
BRDA:126,23,0,0
BRDA:128,24,0,24
BRDA:128,25,0,7
BRDA:132,26,0,2
BRDA:133,27,0,5
BRDA:134,28,0,0
BRDA:143,29,0,0
BRDA:144,30,0,7
BRDA:149,31,0,5
BRDA:155,32,0,2
BRF:33
BRH:28
end_of_record
TN:
SF:src/boundaries/FeatureErrorBoundary.tsx
FN:10,FeatureErrorBoundary
FNF:1
FNH:1
FNDA:8,FeatureErrorBoundary
DA:1,1
DA:10,1
DA:11,8
DA:12,8
DA:13,8
DA:14,8
DA:15,8
DA:16,8
DA:17,8
DA:18,8
DA:19,8
DA:20,8
DA:21,8
DA:22,8
DA:23,8
DA:24,8
DA:26,8
DA:27,8
DA:29,8
LF:19
LH:19
BRDA:10,0,0,8
BRF:1
BRH:1
end_of_record
TN:
SF:src/boundaries/GlobalErrorBoundary.tsx
FN:16,GlobalErrorBoundary2
FN:35,registerReset
FNF:2
FNH:2
FNDA:12,GlobalErrorBoundary2
FNDA:6,registerReset
DA:1,1
DA:5,1
DA:13,1
DA:16,1
DA:17,12
DA:19,12
DA:20,12
DA:21,12
DA:22,0
DA:23,0
DA:24,12
DA:25,12
DA:27,12
DA:28,12
DA:29,12
DA:30,12
DA:31,12
DA:32,12
DA:33,12
DA:34,12
DA:35,12
DA:36,6
DA:37,6
DA:38,12
DA:39,12
DA:41,12
LF:26
LH:24
BRDA:16,0,0,12
BRDA:35,1,0,6
BRF:2
BRH:2
end_of_record
TN:
SF:src/boundaries/RouteErrorBoundary.tsx
FN:12,RouteErrorBoundary
FNF:1
FNH:0
FNDA:0,RouteErrorBoundary
DA:1,1
DA:4,1
DA:12,1
DA:13,0
DA:14,0
DA:15,0
DA:16,0
DA:17,0
DA:18,0
DA:19,0
DA:20,0
DA:21,0
DA:22,0
DA:23,0
DA:24,0
DA:25,0
DA:26,0
DA:27,0
DA:29,0
DA:30,0
DA:32,0
LF:21
LH:3
BRF:0
BRH:0
end_of_record
TN:
SF:src/context/ErrorHandlerContext.tsx
FN:13,useErrorHandlerContext
FN:30,ErrorHandlerProvider
FN:44,ThrowIfError
FNF:3
FNH:3
FNDA:1,useErrorHandlerContext
FNDA:4,ErrorHandlerProvider
FNDA:6,ThrowIfError
DA:1,1
DA:11,1
DA:13,1
DA:14,1
DA:15,1
DA:16,0
DA:17,0
DA:18,0
DA:19,0
DA:20,1
DA:21,1
DA:30,1
DA:31,4
DA:32,4
DA:33,1
DA:34,4
DA:36,4
DA:37,4
DA:38,4
DA:39,4
DA:40,4
DA:42,4
DA:44,6
DA:45,6
DA:46,1
DA:47,1
LF:26
LH:22
BRDA:13,0,0,1
BRDA:15,1,0,0
BRDA:30,2,0,4
BRDA:32,3,0,1
BRDA:44,4,0,6
BRDA:45,5,0,4
BRDA:45,6,0,1
BRF:7
BRH:6
end_of_record
TN:
SF:src/context/ErrorRecoveryContext.tsx
FN:12,useErrorRecoveryContext
FN:22,ErrorRecoveryProvider
FNF:2
FNH:1
FNDA:0,useErrorRecoveryContext
FNDA:5,ErrorRecoveryProvider
DA:1,1
DA:8,1
DA:9,1
DA:10,1
DA:12,1
DA:13,0
DA:14,0
DA:15,0
DA:16,0
DA:17,0
DA:18,0
DA:19,0
DA:20,0
DA:22,1
DA:25,5
DA:26,5
DA:27,5
DA:28,5
DA:29,5
DA:31,5
LF:20
LH:12
BRDA:22,0,0,5
BRF:1
BRH:1
end_of_record
TN:
SF:src/hooks/useErrorHandler.ts
FN:16,useErrorHandler
FNF:1
FNH:1
FNDA:1,useErrorHandler
DA:1,1
DA:16,1
DA:17,1
DA:18,1
DA:19,1
DA:20,1
DA:21,1
DA:22,1
DA:23,1
DA:24,1
LF:10
LH:10
BRDA:16,0,0,1
BRDA:19,1,0,1
BRF:2
BRH:2
end_of_record
TN:
SF:src/hooks/useErrorRecovery.ts
FN:20,useErrorRecovery
FNF:1
FNH:0
FNDA:0,useErrorRecovery
DA:1,1
DA:20,1
DA:21,0
DA:26,0
DA:27,0
DA:28,0
DA:29,0
DA:31,0
DA:32,0
DA:33,0
DA:34,0
DA:35,0
DA:36,0
DA:37,0
DA:38,0
DA:39,0
DA:40,0
DA:41,0
DA:42,0
DA:43,0
DA:45,0
DA:46,0
LF:22
LH:2
BRF:0
BRH:0
end_of_record
TN:
SF:src/reporters/ConsoleReporter.ts
FN:13,ConsoleReporter
FN:15,report
FNF:2
FNH:2
FNDA:1,ConsoleReporter
FNDA:1,report
DA:1,1
DA:11,1
DA:13,1
DA:15,1
DA:16,1
DA:17,1
DA:18,1
DA:19,1
DA:20,1
DA:21,1
DA:22,1
DA:23,1
DA:24,1
DA:25,1
DA:26,1
DA:27,1
DA:28,1
DA:29,1
DA:30,1
LF:19
LH:19
BRDA:13,0,0,1
BRDA:15,1,0,1
BRF:2
BRH:2
end_of_record
TN:
SF:src/reporters/SentryReporter.ts
FN:25,SentryReporter
FN:29,report
FN:53,getCapture
FNF:3
FNH:3
FNDA:3,SentryReporter
FNDA:3,report
FNDA:3,getCapture
DA:22,1
DA:25,1
DA:26,3
DA:27,3
DA:29,1
DA:30,3
DA:31,3
DA:33,2
DA:34,2
DA:35,2
DA:36,2
DA:37,2
DA:38,2
DA:39,3
DA:40,0
DA:41,0
DA:42,3
DA:43,0
DA:44,0
DA:46,2
DA:47,2
DA:48,3
DA:50,1
DA:51,3
DA:53,1
DA:54,3
DA:55,2
DA:56,2
DA:58,1
DA:59,3
DA:60,1
LF:31
LH:27
BRDA:25,0,0,3
BRDA:29,1,0,3
BRDA:31,2,0,1
BRDA:31,3,0,2
BRDA:39,4,0,0
BRDA:41,5,0,2
BRDA:42,6,0,0
BRDA:44,7,0,2
BRDA:48,8,0,1
BRDA:53,9,0,3
BRDA:54,10,0,2
BRDA:56,11,0,1
BRF:12
BRH:10
end_of_record
TN:
SF:src/reporters/types.ts
FN:1,(empty-report)
FNF:1
FNH:1
FNDA:1,(empty-report)
LF:0
LH:0
BRDA:1,0,0,1
BRF:1
BRH:1
end_of_record
TN:
SF:src/utils/errorClassifier.ts
FN:35,classifyError
FN:76,matchesPatterns
FN:80,normalizeToError
FNF:3
FNH:3
FNDA:6,classifyError
FNDA:15,matchesPatterns
FNDA:6,normalizeToError
DA:3,1
DA:4,1
DA:5,1
DA:6,1
DA:7,1
DA:8,1
DA:10,1
DA:11,1
DA:12,1
DA:13,1
DA:14,1
DA:15,1
DA:16,1
DA:17,1
DA:19,1
DA:20,1
DA:21,1
DA:22,1
DA:23,1
DA:24,1
DA:25,1
DA:35,1
DA:36,6
DA:37,6
DA:39,6
DA:40,1
DA:41,1
DA:42,1
DA:43,1
DA:44,1
DA:45,1
DA:46,1
DA:48,6
DA:49,1
DA:50,1
DA:51,1
DA:52,1
DA:53,1
DA:54,1
DA:55,1
DA:57,6
DA:58,1
DA:59,1
DA:60,1
DA:61,1
DA:62,1
DA:63,1
DA:64,1
DA:68,3
DA:69,3
DA:70,3
DA:71,3
DA:72,3
DA:73,3
DA:74,3
DA:76,15
DA:77,15
DA:78,15
DA:80,6
DA:81,6
DA:82,6
DA:83,1
DA:84,1
DA:85,6
DA:86,0
DA:87,0
DA:88,6
LF:67
LH:65
BRDA:35,0,0,6
BRDA:39,1,0,1
BRDA:46,2,0,5
BRDA:48,3,0,1
BRDA:55,4,0,4
BRDA:57,5,0,1
BRDA:64,6,0,3
BRDA:76,7,0,15
BRDA:77,8,0,64
BRDA:80,9,0,6
BRDA:81,10,0,4
BRDA:81,11,0,2
BRDA:82,12,0,1
BRDA:85,13,0,0
BRF:14
BRH:13
end_of_record
TN:
SF:src/utils/errorSerializer.ts
FN:9,serializeError
FNF:1
FNH:1
FNDA:4,serializeError
DA:9,1
DA:10,4
DA:11,2
DA:12,2
DA:13,2
DA:14,2
DA:15,2
DA:16,2
DA:17,3
DA:18,1
DA:19,1
DA:20,1
DA:21,1
DA:22,3
DA:23,0
DA:24,0
DA:25,4
LF:17
LH:15
BRDA:9,0,0,4
BRDA:10,1,0,2
BRDA:14,2,0,0
BRDA:16,3,0,3
BRDA:16,4,0,2
BRDA:17,5,0,1
BRDA:22,6,0,0
BRF:7
BRH:5
end_of_record
